<?xml version="1.0" encoding="UTF-8"?>
<!-- Generated by org.testng.reporters.JUnitXMLReporter -->
<testsuite ignored="0" hostname="LAPTOP-5KMFOFH9" failures="0" tests="4" name="InventoryTest" time="2.814" errors="0" timestamp="2024-11-20T15:37:34 IST">
  <testcase classname="com.SwagLab.TestCases.InventoryPageTest" name="validateTotalProducts" time="0.022"/>
  <testcase classname="com.SwagLab.TestCases.InventoryPageTest" name="validateProducts" time="0.096"/>
  <testcase classname="com.SwagLab.TestCases.InventoryPageTest" name="validateAddToCart" time="0.144"/>
  <testcase classname="com.SwagLab.TestCases.InventoryPageTest" name="validateCartPage" time="0.086"/>
</testsuite> <!-- InventoryTest -->
