<?xml version="1.0" encoding="UTF-8"?>
<testng-results ignored="0" total="13" passed="13" failed="0" skipped="0">
  <reporter-output>
  </reporter-output>
  <suite started-at="2024-11-20T16:19:12 IST" name="Suite" finished-at="2024-11-20T16:19:33 IST" duration-ms="20365">
    <groups>
    </groups>
    <test started-at="2024-11-20T16:19:12 IST" name="LoginTest" finished-at="2024-11-20T16:19:16 IST" duration-ms="3688">
      <class name="com.SwagLab.TestCases.LoginPageTest">
        <test-method is-config="true" signature="setUP()[pri:0, instance:com.SwagLab.TestCases.LoginPageTest@31d7b7bf]" started-at="2024-11-20T16:19:12 IST" name="setUP" finished-at="2024-11-20T16:19:15 IST" duration-ms="2870" status="PASS">
          <reporter-output>
          </reporter-output>
        </test-method> <!-- setUP -->
        <test-method signature="validateUrl()[pri:1, instance:com.SwagLab.TestCases.LoginPageTest@31d7b7bf]" started-at="2024-11-20T16:19:15 IST" name="validateUrl" finished-at="2024-11-20T16:19:15 IST" duration-ms="13" status="PASS">
          <reporter-output>
          </reporter-output>
        </test-method> <!-- validateUrl -->
        <test-method signature="validateLogin()[pri:2, instance:com.SwagLab.TestCases.LoginPageTest@31d7b7bf]" started-at="2024-11-20T16:19:15 IST" name="validateLogin" finished-at="2024-11-20T16:19:16 IST" duration-ms="496" status="PASS">
          <reporter-output>
          </reporter-output>
        </test-method> <!-- validateLogin -->
        <test-method is-config="true" signature="tearDown()[pri:0, instance:com.SwagLab.TestCases.LoginPageTest@31d7b7bf]" started-at="2024-11-20T16:19:16 IST" name="tearDown" finished-at="2024-11-20T16:19:16 IST" duration-ms="258" status="PASS">
          <reporter-output>
          </reporter-output>
        </test-method> <!-- tearDown -->
      </class> <!-- com.SwagLab.TestCases.LoginPageTest -->
    </test> <!-- LoginTest -->
    <test started-at="2024-11-20T16:19:16 IST" name="InventoryTest" finished-at="2024-11-20T16:19:19 IST" duration-ms="3287">
      <class name="com.SwagLab.TestCases.InventoryPageTest">
        <test-method is-config="true" signature="setUP()[pri:0, instance:com.SwagLab.TestCases.InventoryPageTest@6e171cd7]" started-at="2024-11-20T16:19:16 IST" name="setUP" finished-at="2024-11-20T16:19:18 IST" duration-ms="1992" status="PASS">
          <reporter-output>
          </reporter-output>
        </test-method> <!-- setUP -->
        <test-method is-config="true" signature="pageSetup()[pri:0, instance:com.SwagLab.TestCases.InventoryPageTest@6e171cd7]" started-at="2024-11-20T16:19:18 IST" name="pageSetup" finished-at="2024-11-20T16:19:18 IST" duration-ms="478" status="PASS">
          <reporter-output>
          </reporter-output>
        </test-method> <!-- pageSetup -->
        <test-method signature="validateTotalProducts()[pri:1, instance:com.SwagLab.TestCases.InventoryPageTest@6e171cd7]" started-at="2024-11-20T16:19:18 IST" name="validateTotalProducts" finished-at="2024-11-20T16:19:18 IST" duration-ms="21" status="PASS">
          <reporter-output>
          </reporter-output>
        </test-method> <!-- validateTotalProducts -->
        <test-method signature="validateProducts()[pri:2, instance:com.SwagLab.TestCases.InventoryPageTest@6e171cd7]" started-at="2024-11-20T16:19:18 IST" name="validateProducts" finished-at="2024-11-20T16:19:19 IST" duration-ms="94" status="PASS">
          <reporter-output>
          </reporter-output>
        </test-method> <!-- validateProducts -->
        <test-method signature="validateAddToCart()[pri:3, instance:com.SwagLab.TestCases.InventoryPageTest@6e171cd7]" started-at="2024-11-20T16:19:19 IST" name="validateAddToCart" finished-at="2024-11-20T16:19:19 IST" duration-ms="183" status="PASS">
          <reporter-output>
          </reporter-output>
        </test-method> <!-- validateAddToCart -->
        <test-method signature="validateCartPage()[pri:4, instance:com.SwagLab.TestCases.InventoryPageTest@6e171cd7]" started-at="2024-11-20T16:19:19 IST" name="validateCartPage" finished-at="2024-11-20T16:19:19 IST" duration-ms="154" status="PASS">
          <reporter-output>
          </reporter-output>
        </test-method> <!-- validateCartPage -->
        <test-method is-config="true" signature="tearDown()[pri:0, instance:com.SwagLab.TestCases.InventoryPageTest@6e171cd7]" started-at="2024-11-20T16:19:19 IST" name="tearDown" finished-at="2024-11-20T16:19:19 IST" duration-ms="357" status="PASS">
          <reporter-output>
          </reporter-output>
        </test-method> <!-- tearDown -->
      </class> <!-- com.SwagLab.TestCases.InventoryPageTest -->
    </test> <!-- InventoryTest -->
    <test started-at="2024-11-20T16:19:19 IST" name="CartTest" finished-at="2024-11-20T16:19:23 IST" duration-ms="3354">
      <class name="com.SwagLab.TestCases.CartPageTest">
        <test-method is-config="true" signature="setUP()[pri:0, instance:com.SwagLab.TestCases.CartPageTest@6e20b53a]" started-at="2024-11-20T16:19:19 IST" name="setUP" finished-at="2024-11-20T16:19:21 IST" duration-ms="1918" status="PASS">
          <reporter-output>
          </reporter-output>
        </test-method> <!-- setUP -->
        <test-method is-config="true" signature="pageSetup()[pri:0, instance:com.SwagLab.TestCases.CartPageTest@6e20b53a]" started-at="2024-11-20T16:19:21 IST" name="pageSetup" finished-at="2024-11-20T16:19:22 IST" duration-ms="707" status="PASS">
          <reporter-output>
          </reporter-output>
        </test-method> <!-- pageSetup -->
        <test-method signature="verifyProduct()[pri:1, instance:com.SwagLab.TestCases.CartPageTest@6e20b53a]" started-at="2024-11-20T16:19:22 IST" name="verifyProduct" finished-at="2024-11-20T16:19:22 IST" duration-ms="24" status="PASS">
          <reporter-output>
          </reporter-output>
        </test-method> <!-- verifyProduct -->
        <test-method signature="vaidateRemove()[pri:2, instance:com.SwagLab.TestCases.CartPageTest@6e20b53a]" started-at="2024-11-20T16:19:22 IST" name="vaidateRemove" finished-at="2024-11-20T16:19:22 IST" duration-ms="95" status="PASS">
          <reporter-output>
          </reporter-output>
        </test-method> <!-- vaidateRemove -->
        <test-method signature="validateContinueShopping()[pri:3, instance:com.SwagLab.TestCases.CartPageTest@6e20b53a]" started-at="2024-11-20T16:19:22 IST" name="validateContinueShopping" finished-at="2024-11-20T16:19:22 IST" duration-ms="279" status="PASS">
          <reporter-output>
          </reporter-output>
        </test-method> <!-- validateContinueShopping -->
        <test-method signature="validateCheckOut()[pri:4, instance:com.SwagLab.TestCases.CartPageTest@6e20b53a]" started-at="2024-11-20T16:19:22 IST" name="validateCheckOut" finished-at="2024-11-20T16:19:22 IST" duration-ms="89" status="PASS">
          <reporter-output>
          </reporter-output>
        </test-method> <!-- validateCheckOut -->
        <test-method is-config="true" signature="tearDown()[pri:0, instance:com.SwagLab.TestCases.CartPageTest@6e20b53a]" started-at="2024-11-20T16:19:22 IST" name="tearDown" finished-at="2024-11-20T16:19:23 IST" duration-ms="238" status="PASS">
          <reporter-output>
          </reporter-output>
        </test-method> <!-- tearDown -->
      </class> <!-- com.SwagLab.TestCases.CartPageTest -->
    </test> <!-- CartTest -->
    <test started-at="2024-11-20T16:19:23 IST" name="CheckoutTest" finished-at="2024-11-20T16:19:28 IST" duration-ms="4930">
      <class name="com.SwagLab.TestCases.CheckOutPageTest">
        <test-method is-config="true" signature="setUP()[pri:0, instance:com.SwagLab.TestCases.CheckOutPageTest@47af7f3d]" started-at="2024-11-20T16:19:23 IST" name="setUP" finished-at="2024-11-20T16:19:25 IST" duration-ms="1977" status="PASS">
          <reporter-output>
          </reporter-output>
        </test-method> <!-- setUP -->
        <test-method is-config="true" signature="pageSetup()[pri:0, instance:com.SwagLab.TestCases.CheckOutPageTest@47af7f3d]" started-at="2024-11-20T16:19:25 IST" name="pageSetup" finished-at="2024-11-20T16:19:27 IST" duration-ms="2339" status="PASS">
          <reporter-output>
          </reporter-output>
        </test-method> <!-- pageSetup -->
        <test-method signature="validateCheckOutFetaure()[pri:0, instance:com.SwagLab.TestCases.CheckOutPageTest@47af7f3d]" started-at="2024-11-20T16:19:27 IST" name="validateCheckOutFetaure" finished-at="2024-11-20T16:19:27 IST" duration-ms="385" status="PASS">
          <reporter-output>
          </reporter-output>
        </test-method> <!-- validateCheckOutFetaure -->
        <test-method is-config="true" signature="tearDown()[pri:0, instance:com.SwagLab.TestCases.CheckOutPageTest@47af7f3d]" started-at="2024-11-20T16:19:27 IST" name="tearDown" finished-at="2024-11-20T16:19:28 IST" duration-ms="227" status="PASS">
          <reporter-output>
          </reporter-output>
        </test-method> <!-- tearDown -->
      </class> <!-- com.SwagLab.TestCases.CheckOutPageTest -->
    </test> <!-- CheckoutTest -->
    <test started-at="2024-11-20T16:19:28 IST" name="OverviewTest" finished-at="2024-11-20T16:19:33 IST" duration-ms="5030">
      <class name="com.SwagLab.TestCases.OverviewPageTest">
        <test-method is-config="true" signature="setUP()[pri:0, instance:com.SwagLab.TestCases.OverviewPageTest@694abbdc]" started-at="2024-11-20T16:19:28 IST" name="setUP" finished-at="2024-11-20T16:19:29 IST" duration-ms="1952" status="PASS">
          <reporter-output>
          </reporter-output>
        </test-method> <!-- setUP -->
        <test-method is-config="true" signature="pageSetup()[pri:0, instance:com.SwagLab.TestCases.OverviewPageTest@694abbdc]" started-at="2024-11-20T16:19:29 IST" name="pageSetup" finished-at="2024-11-20T16:19:32 IST" duration-ms="2729" status="PASS">
          <reporter-output>
          </reporter-output>
        </test-method> <!-- pageSetup -->
        <test-method signature="validateSummary()[pri:1, instance:com.SwagLab.TestCases.OverviewPageTest@694abbdc]" started-at="2024-11-20T16:19:32 IST" name="validateSummary" finished-at="2024-11-20T16:19:32 IST" duration-ms="28" status="PASS">
          <reporter-output>
          </reporter-output>
        </test-method> <!-- validateSummary -->
        <test-method signature="validateFinishProcess()[pri:2, instance:com.SwagLab.TestCases.OverviewPageTest@694abbdc]" started-at="2024-11-20T16:19:32 IST" name="validateFinishProcess" finished-at="2024-11-20T16:19:32 IST" duration-ms="118" status="PASS">
          <reporter-output>
          </reporter-output>
        </test-method> <!-- validateFinishProcess -->
        <test-method is-config="true" signature="tearDown()[pri:0, instance:com.SwagLab.TestCases.OverviewPageTest@694abbdc]" started-at="2024-11-20T16:19:32 IST" name="tearDown" finished-at="2024-11-20T16:19:33 IST" duration-ms="201" status="PASS">
          <reporter-output>
          </reporter-output>
        </test-method> <!-- tearDown -->
      </class> <!-- com.SwagLab.TestCases.OverviewPageTest -->
    </test> <!-- OverviewTest -->
  </suite> <!-- Suite -->
</testng-results>
