<?xml version="1.0" encoding="UTF-8"?>
<testng-results ignored="0" total="1" passed="1" failed="0" skipped="0">
  <reporter-output>
  </reporter-output>
  <suite started-at="2024-11-19T17:19:10 IST" name="Default suite" finished-at="2024-11-19T17:19:15 IST" duration-ms="5639">
    <groups>
    </groups>
    <test started-at="2024-11-19T17:19:10 IST" name="Default test" finished-at="2024-11-19T17:19:15 IST" duration-ms="5639">
      <class name="com.TestNG.TestDataReading.HrmDataPassingusingPropertiesfile">
        <test-method signature="f()[pri:0, instance:com.TestNG.TestDataReading.HrmDataPassingusingPropertiesfile@6283d8b8]" started-at="2024-11-19T17:19:10 IST" name="f" finished-at="2024-11-19T17:19:15 IST" duration-ms="5594" status="PASS">
          <reporter-output>
          </reporter-output>
        </test-method> <!-- f -->
      </class> <!-- com.TestNG.TestDataReading.HrmDataPassingusingPropertiesfile -->
    </test> <!-- Default test -->
  </suite> <!-- Default suite -->
</testng-results>
